0 info it worked if it ends with ok
1 verbose cli [ 'E:\\Nodejs\\node.exe',
1 verbose cli   'E:\\Nodejs\\node_modules\\npm\\bin\\npm-cli.js',
1 verbose cli   'start' ]
2 info using npm@3.10.10
3 info using node@v6.11.2
4 verbose run-script [ 'prestart', 'start', 'poststart' ]
5 info lifecycle evaluation-backgroup-support@0.0.0~prestart: evaluation-backgroup-support@0.0.0
6 silly lifecycle evaluation-backgroup-support@0.0.0~prestart: no script for prestart, continuing
7 info lifecycle evaluation-backgroup-support@0.0.0~start: evaluation-backgroup-support@0.0.0
8 verbose lifecycle evaluation-backgroup-support@0.0.0~start: unsafe-perm in lifecycle true
9 verbose lifecycle evaluation-backgroup-support@0.0.0~start: PATH: E:\Nodejs\node_modules\npm\bin\node-gyp-bin;C:\Users\kivlin\Desktop\毕设\evaluation_background\node_modules\.bin;C:\Users\kivlin\bin;E:\Git\mingw64\bin;E:\Git\usr\local\bin;E:\Git\usr\bin;E:\Git\usr\bin;E:\Git\mingw64\bin;E:\Git\usr\bin;C:\Users\kivlin\bin;E:\app\kivlin\product\11.2.0\dbhome_1\bin;C:\Python27;C:\Python27\Scripts;C:\Windows\system32;C:\Windows;C:\Windows\System32\Wbem;C:\Windows\System32\WindowsPowerShell\v1.0;E:\Git\cmd;E:\Nodejs;C:\Program Files\Java\jdk1.8.0_144\bin;C:\Program Files\Java\jdk1.8.0_144\jre\bin;C:\ProgramData\Oracle\Java\javapath;C:\Program Files\TortoiseSVN\bin;E:\毕设\redis;C:\TripleZoo_\cocos\templates;C:\TripleZoo_\cocos\tools\cocos2d-console\bin;C:\templates;C:\Users\kivlin\AppData\Local\Microsoft\WindowsApps;C:\Users\kivlin\AppData\Roaming\npm;C:\Program Files\Microsoft VS Code\bin;C:\apache-ant-1.10.1\bin;C:\Users\kivlin\AppData\Local\Android\sdk\ndk-bundle;C:\Users\kivlin\AppData\Local\Android\sdk\tools;C:\Users\kivlin\AppData\Local\Android\sdk\platform-tools;E:\Git\usr\bin\vendor_perl;E:\Git\usr\bin\core_perl
10 verbose lifecycle evaluation-backgroup-support@0.0.0~start: CWD: C:\Users\kivlin\Desktop\毕设\evaluation_background
11 silly lifecycle evaluation-backgroup-support@0.0.0~start: Args: [ '/d /s /c', 'node ./bin/www' ]
12 silly lifecycle evaluation-backgroup-support@0.0.0~start: Returned: code: 1  signal: null
13 info lifecycle evaluation-backgroup-support@0.0.0~start: Failed to exec start script
14 verbose stack Error: evaluation-backgroup-support@0.0.0 start: `node ./bin/www`
14 verbose stack Exit status 1
14 verbose stack     at EventEmitter.<anonymous> (E:\Nodejs\node_modules\npm\lib\utils\lifecycle.js:255:16)
14 verbose stack     at emitTwo (events.js:106:13)
14 verbose stack     at EventEmitter.emit (events.js:191:7)
14 verbose stack     at ChildProcess.<anonymous> (E:\Nodejs\node_modules\npm\lib\utils\spawn.js:40:14)
14 verbose stack     at emitTwo (events.js:106:13)
14 verbose stack     at ChildProcess.emit (events.js:191:7)
14 verbose stack     at maybeClose (internal/child_process.js:891:16)
14 verbose stack     at Process.ChildProcess._handle.onexit (internal/child_process.js:226:5)
15 verbose pkgid evaluation-backgroup-support@0.0.0
16 verbose cwd C:\Users\kivlin\Desktop\毕设\evaluation_background
17 error Windows_NT 10.0.15063
18 error argv "E:\\Nodejs\\node.exe" "E:\\Nodejs\\node_modules\\npm\\bin\\npm-cli.js" "start"
19 error node v6.11.2
20 error npm  v3.10.10
21 error code ELIFECYCLE
22 error evaluation-backgroup-support@0.0.0 start: `node ./bin/www`
22 error Exit status 1
23 error Failed at the evaluation-backgroup-support@0.0.0 start script 'node ./bin/www'.
23 error Make sure you have the latest version of node.js and npm installed.
23 error If you do, this is most likely a problem with the evaluation-backgroup-support package,
23 error not with npm itself.
23 error Tell the author that this fails on your system:
23 error     node ./bin/www
23 error You can get information on how to open an issue for this project with:
23 error     npm bugs evaluation-backgroup-support
23 error Or if that isn't available, you can get their info via:
23 error     npm owner ls evaluation-backgroup-support
23 error There is likely additional logging output above.
24 verbose exit [ 1, true ]
